> Task :compileJava FAILED
.\gradlew.bat : 
At line:1 char:1
+ .\gradlew.bat compileJava 
2>&1 | Out-File -Encoding 
utf8 compile_erro ...
+ ~~~~~~~~~~~~~~~~~~~~~~~~~~
~~~~
    + CategoryInfo          
    : NotSpecified: (:Stri  
  ng) [], RemoteException
    + FullyQualifiedErrorId 
    : NativeCommandError
 
FAILURE: Build failed with 
an exception.

* What went wrong:
Execution failed for task 
':compileJava'.
> Could not resolve all 
files for configuration 
':compileClasspath'.
   > Could not find org.spri
ngframework.boot:spring-boot
-starter-webmvc:.
     Required by:
         root project 'demo'

* Try:
> Run with --stacktrace 
option to get the stack 
trace.
> Run with --info or 
--debug option to get more 
log output.
> Run with --scan to 
generate a Build Scan 
(powered by Develocity).
> Get more help at 
https://help.gradle.org.

BUILD FAILED in 1s
1 actionable task: 1 executed
